  SimpleGameReborn.cpp
c:\users\0x6k7\source\repos\simplegamereborn\simplegamereborn\filereader.h(26): warning C4018: '<': signed/unsigned mismatch
c:\users\0x6k7\source\repos\simplegamereborn\simplegamereborn\ip.h(13): warning C4244: 'argument': conversion from 'time_t' to 'unsigned int', possible loss of data
c:\users\0x6k7\source\repos\simplegamereborn\simplegamereborn\simplegamereborn.cpp(30): warning C4244: 'argument': conversion from 'time_t' to 'unsigned int', possible loss of data
c:\users\0x6k7\source\repos\simplegamereborn\simplegamereborn\simplegamereborn.cpp(90): warning C4244: 'argument': conversion from 'double' to 'DWORD', possible loss of data
c:\users\0x6k7\source\repos\simplegamereborn\simplegamereborn\simplegamereborn.cpp(92): warning C4244: 'argument': conversion from 'double' to 'DWORD', possible loss of data
c:\users\0x6k7\source\repos\simplegamereborn\simplegamereborn\simplegamereborn.cpp(94): warning C4244: 'argument': conversion from 'double' to 'DWORD', possible loss of data
c:\users\0x6k7\source\repos\simplegamereborn\simplegamereborn\simplegamereborn.cpp(111): warning C4244: 'argument': conversion from 'double' to 'DWORD', possible loss of data
c:\users\0x6k7\source\repos\simplegamereborn\simplegamereborn\simplegamereborn.cpp(113): warning C4244: 'argument': conversion from 'double' to 'DWORD', possible loss of data
c:\users\0x6k7\source\repos\simplegamereborn\simplegamereborn\simplegamereborn.cpp(115): warning C4244: 'argument': conversion from 'double' to 'DWORD', possible loss of data
c:\users\0x6k7\source\repos\simplegamereborn\simplegamereborn\simplegamereborn.cpp(132): warning C4244: 'argument': conversion from 'double' to 'DWORD', possible loss of data
c:\users\0x6k7\source\repos\simplegamereborn\simplegamereborn\simplegamereborn.cpp(134): warning C4244: 'argument': conversion from 'double' to 'DWORD', possible loss of data
c:\users\0x6k7\source\repos\simplegamereborn\simplegamereborn\simplegamereborn.cpp(136): warning C4244: 'argument': conversion from 'double' to 'DWORD', possible loss of data
c:\users\0x6k7\source\repos\simplegamereborn\simplegamereborn\simplegamereborn.cpp(153): warning C4244: 'argument': conversion from 'double' to 'DWORD', possible loss of data
c:\users\0x6k7\source\repos\simplegamereborn\simplegamereborn\simplegamereborn.cpp(155): warning C4244: 'argument': conversion from 'double' to 'DWORD', possible loss of data
c:\users\0x6k7\source\repos\simplegamereborn\simplegamereborn\simplegamereborn.cpp(157): warning C4244: 'argument': conversion from 'double' to 'DWORD', possible loss of data
c:\users\0x6k7\source\repos\simplegamereborn\simplegamereborn\simplegamereborn.cpp(549): warning C4244: 'argument': conversion from 'double' to 'DWORD', possible loss of data
c:\users\0x6k7\source\repos\simplegamereborn\simplegamereborn\simplegamereborn.cpp(769): warning C4244: 'argument': conversion from 'double' to 'DWORD', possible loss of data
c:\users\0x6k7\source\repos\simplegamereborn\simplegamereborn\simplegamereborn.cpp(784): warning C4244: 'argument': conversion from 'double' to 'DWORD', possible loss of data
c:\users\0x6k7\source\repos\simplegamereborn\simplegamereborn\simplegamereborn.cpp(860): warning C4244: 'argument': conversion from 'double' to 'DWORD', possible loss of data
c:\users\0x6k7\source\repos\simplegamereborn\simplegamereborn\simplegamereborn.cpp(872): warning C4244: 'argument': conversion from 'double' to 'DWORD', possible loss of data
c:\users\0x6k7\source\repos\simplegamereborn\simplegamereborn\simplegamereborn.cpp(41): warning C4390: ';': empty controlled statement found; is this the intent?
c:\users\0x6k7\source\repos\simplegamereborn\simplegamereborn\simplegamereborn.cpp(388): warning C4390: ';': empty controlled statement found; is this the intent?
c:\users\0x6k7\source\repos\simplegamereborn\simplegamereborn\simplegamereborn.cpp(637): warning C4996: 'localtime': This function or variable may be unsafe. Consider using localtime_s instead. To disable deprecation, use _CRT_SECURE_NO_WARNINGS. See online help for details.
  c:\program files (x86)\windows kits\10\include\10.0.17763.0\ucrt\time.h(506): note: see declaration of 'localtime'
c:\users\0x6k7\source\repos\simplegamereborn\simplegamereborn\simplegamereborn.cpp(648): warning C4996: 'localtime': This function or variable may be unsafe. Consider using localtime_s instead. To disable deprecation, use _CRT_SECURE_NO_WARNINGS. See online help for details.
  c:\program files (x86)\windows kits\10\include\10.0.17763.0\ucrt\time.h(506): note: see declaration of 'localtime'
c:\users\0x6k7\source\repos\simplegamereborn\simplegamereborn\simplegamereborn.cpp(659): warning C4996: 'localtime': This function or variable may be unsafe. Consider using localtime_s instead. To disable deprecation, use _CRT_SECURE_NO_WARNINGS. See online help for details.
  c:\program files (x86)\windows kits\10\include\10.0.17763.0\ucrt\time.h(506): note: see declaration of 'localtime'
  Generating code
  0 of 564 functions ( 0.0%) were compiled, the rest were copied from previous compilation.
    0 functions were new in current compilation
    1 functions had inline decision re-evaluated but remain unchanged
  Finished generating code
  SimpleGameReborn.vcxproj -> C:\Users\0x6k7\source\repos\SimpleGameReborn\Release\SimpleGameReborn.exe
